{"ts":"2026-06-12T02:15:38.458Z","level":"warn","message":"Retrying update without publishedAt (may require prisma migrate)","meta":{"id":"cmqaao7e40001zdxa7tw8cq1g","err":"PrismaClientValidationError: \nInvalid `prisma.submission.update()` invocation in\nD:\\MAGELANGV3\\backend\\src\\services\\submissionService.ts:99:41\n\n  96 \n  97 let updated: Submission;\n  98 try {\n→ 99   updated = await prisma.submission.update({\n         where: {\n           id: \"cmqaao7e40001zdxa7tw8cq1g\"\n         },\n         data: {\n           status: \"APPROVED\",\n           publishedAt: new Date(\"2026-06-12T02:15:38.434Z\"),\n           ~~~~~~~~~~~\n       ?   id?: String | StringFieldUpdateOperationsInput,\n       ?   title?: String | StringFieldUpdateOperationsInput,\n       ?   description?: String | StringFieldUpdateOperationsInput,\n       ?   featureType?: String | StringFieldUpdateOperationsInput,\n       ?   location?: String | NullableStringFieldUpdateOperationsInput | Null,\n       ?   latitude?: Float | NullableFloatFieldUpdateOperationsInput | Null,\n       ?   longitude?: Float | NullableFloatFieldUpdateOperationsInput | Null,\n       ?   image?: String | NullableStringFieldUpdateOperationsInput | Null,\n       ?   link?: String | NullableStringFieldUpdateOperationsInput | Null,\n       ?   priceRange?: String | NullableStringFieldUpdateOperationsInput | Null,\n       ?   date?: DateTime | NullableDateTimeFieldUpdateOperationsInput | Null,\n       ?   createdAt?: DateTime | DateTimeFieldUpdateOperationsInput,\n       ?   updatedAt?: DateTime | DateTimeFieldUpdateOperationsInput,\n       ?   category?: CategoryUpdateOneRequiredWithoutSubmissionsNestedInput,\n       ?   submittedBy?: UserUpdateOneWithoutSubmissionsNestedInput\n         }\n       })\n\nUnknown argument `publishedAt`. Available options are marked with ?."}}
{"ts":"2026-06-12T02:15:38.477Z","level":"info","message":"Submission published","meta":{"id":"cmqaao7e40001zdxa7tw8cq1g","title":"E2E CI Smoke"}}
{"ts":"2026-06-12T02:17:09.915Z","level":"info","message":"New submission created","meta":{"id":"cmqaaq67b000112iko60zfm58","title":"E2E CI Smoke","featureType":"KULINER"}}
{"ts":"2026-06-12T02:17:11.541Z","level":"warn","message":"Retrying update without publishedAt (may require prisma migrate)","meta":{"id":"cmqaaq67b000112iko60zfm58","err":"PrismaClientValidationError: \nInvalid `prisma.submission.update()` invocation in\nD:\\MAGELANGV3\\backend\\src\\services\\submissionService.ts:103:41\n\n  100 \n  101 let updated: Submission;\n  102 try {\n→ 103   updated = await prisma.submission.update({\n          where: {\n            id: \"cmqaaq67b000112iko60zfm58\"\n          },\n          data: {\n            status: \"APPROVED\",\n            publishedAt: new Date(\"2026-06-12T02:17:11.415Z\"),\n            ~~~~~~~~~~~\n        ?   id?: String | StringFieldUpdateOperationsInput,\n        ?   title?: String | StringFieldUpdateOperationsInput,\n        ?   description?: String | StringFieldUpdateOperationsInput,\n        ?   featureType?: String | StringFieldUpdateOperationsInput,\n        ?   location?: String | NullableStringFieldUpdateOperationsInput | Null,\n        ?   latitude?: Float | NullableFloatFieldUpdateOperationsInput | Null,\n        ?   longitude?: Float | NullableFloatFieldUpdateOperationsInput | Null,\n        ?   image?: String | NullableStringFieldUpdateOperationsInput | Null,\n        ?   link?: String | NullableStringFieldUpdateOperationsInput | Null,\n        ?   priceRange?: String | NullableStringFieldUpdateOperationsInput | Null,\n        ?   date?: DateTime | NullableDateTimeFieldUpdateOperationsInput | Null,\n        ?   createdAt?: DateTime | DateTimeFieldUpdateOperationsInput,\n        ?   updatedAt?: DateTime | DateTimeFieldUpdateOperationsInput,\n        ?   category?: CategoryUpdateOneRequiredWithoutSubmissionsNestedInput,\n        ?   submittedBy?: UserUpdateOneWithoutSubmissionsNestedInput\n          }\n        })\n\nUnknown argument `publishedAt`. Available options are marked with ?."}}
{"ts":"2026-06-12T02:17:11.612Z","level":"info","message":"Submission published","meta":{"id":"cmqaaq67b000112iko60zfm58","title":"E2E CI Smoke"}}
{"ts":"2026-06-12T02:20:42.888Z","level":"info","message":"New submission created","meta":{"id":"sub-1","title":"Bukit Rhema","featureType":"WISATA"}}
{"ts":"2026-06-12T02:20:42.923Z","level":"info","message":"New submission created","meta":{"id":"sub-2","title":"Kupat Tahu","featureType":"KULINER"}}
{"ts":"2026-06-12T02:21:33.709Z","level":"info","message":"New submission created","meta":{"id":"sub-1","title":"Bukit Rhema","featureType":"WISATA"}}
{"ts":"2026-06-12T02:21:33.751Z","level":"info","message":"New submission created","meta":{"id":"sub-2","title":"Kupat Tahu","featureType":"KULINER"}}
{"ts":"2026-06-12T02:21:33.760Z","level":"info","message":"Submission published","meta":{"id":"sub-1"}}
{"ts":"2026-06-12T02:22:37.800Z","level":"info","message":"New submission created","meta":{"id":"cmqaax783000712iktzagzjyc","title":"E2E CI Smoke","featureType":"KULINER"}}
{"ts":"2026-06-12T02:22:38.201Z","level":"warn","message":"Retrying update without publishedAt (may require prisma migrate)","meta":{"id":"cmqaax783000712iktzagzjyc","err":"PrismaClientValidationError: \nInvalid `prisma.submission.update()` invocation in\nD:\\MAGELANGV3\\backend\\src\\services\\submissionService.ts:103:41\n\n  100 \n  101 let updated: Submission;\n  102 try {\n→ 103   updated = await prisma.submission.update({\n          where: {\n            id: \"cmqaax783000712iktzagzjyc\"\n          },\n          data: {\n            status: \"APPROVED\",\n            publishedAt: new Date(\"2026-06-12T02:22:38.176Z\"),\n            ~~~~~~~~~~~\n        ?   id?: String | StringFieldUpdateOperationsInput,\n        ?   title?: String | StringFieldUpdateOperationsInput,\n        ?   description?: String | StringFieldUpdateOperationsInput,\n        ?   featureType?: String | StringFieldUpdateOperationsInput,\n        ?   location?: String | NullableStringFieldUpdateOperationsInput | Null,\n        ?   latitude?: Float | NullableFloatFieldUpdateOperationsInput | Null,\n        ?   longitude?: Float | NullableFloatFieldUpdateOperationsInput | Null,\n        ?   image?: String | NullableStringFieldUpdateOperationsInput | Null,\n        ?   link?: String | NullableStringFieldUpdateOperationsInput | Null,\n        ?   priceRange?: String | NullableStringFieldUpdateOperationsInput | Null,\n        ?   date?: DateTime | NullableDateTimeFieldUpdateOperationsInput | Null,\n        ?   createdAt?: DateTime | DateTimeFieldUpdateOperationsInput,\n        ?   updatedAt?: DateTime | DateTimeFieldUpdateOperationsInput,\n        ?   category?: CategoryUpdateOneRequiredWithoutSubmissionsNestedInput,\n        ?   submittedBy?: UserUpdateOneWithoutSubmissionsNestedInput\n          }\n        })\n\nUnknown argument `publishedAt`. Available options are marked with ?."}}
{"ts":"2026-06-12T02:22:38.228Z","level":"info","message":"Submission published","meta":{"id":"cmqaax783000712iktzagzjyc","title":"E2E CI Smoke"}}
{"ts":"2026-06-12T02:34:53.601Z","level":"info","message":"New submission created","meta":{"id":"sub-1","title":"Bukit Rhema","featureType":"WISATA"}}
{"ts":"2026-06-12T02:34:53.625Z","level":"info","message":"New submission created","meta":{"id":"sub-2","title":"Kupat Tahu","featureType":"KULINER"}}
{"ts":"2026-06-12T02:34:53.629Z","level":"info","message":"Submission published","meta":{"id":"sub-1"}}
{"ts":"2026-06-12T02:41:02.793Z","level":"info","message":"New submission created","meta":{"id":"cmqabkvul0001vktf93d5z06u","title":"E2E Playwright","featureType":"KULINER"}}
{"ts":"2026-06-12T02:41:03.163Z","level":"info","message":"Submission published","meta":{"id":"cmqabkvul0001vktf93d5z06u","title":"E2E Playwright"}}
{"ts":"2026-06-12T02:51:35.450Z","level":"info","message":"New submission created","meta":{"id":"sub-1","title":"Bukit Rhema","featureType":"WISATA"}}
{"ts":"2026-06-12T02:51:35.460Z","level":"info","message":"New submission created","meta":{"id":"sub-2","title":"Kupat Tahu","featureType":"KULINER"}}
{"ts":"2026-06-12T02:51:35.463Z","level":"info","message":"Submission published","meta":{"id":"sub-1"}}
{"ts":"2026-06-27T17:15:22.553Z","level":"info","message":"New submission created","meta":{"id":"sub-1","title":"Bukit Rhema","featureType":"WISATA","hasCoords":true}}
{"ts":"2026-06-27T17:15:22.645Z","level":"info","message":"New submission created","meta":{"id":"sub-2","title":"Kupat Tahu","featureType":"KULINER","hasCoords":true}}
{"ts":"2026-06-27T17:15:22.658Z","level":"info","message":"Submission published","meta":{"id":"sub-1"}}
{"ts":"2026-06-27T17:16:32.743Z","level":"info","message":"New submission created","meta":{"id":"cmqwmgjrb00043x8zhfjaq3mx","title":"SMOKE-1782580589-tourism","featureType":"WISATA","hasCoords":false}}
{"ts":"2026-06-27T17:16:34.357Z","level":"info","message":"Submission published","meta":{"id":"cmqwmgjrb00043x8zhfjaq3mx","title":"SMOKE-1782580589-tourism"}}
{"ts":"2026-06-27T17:16:36.020Z","level":"info","message":"New submission created","meta":{"id":"cmqwmgma800093x8z6ewle13r","title":"SMOKE-1782580589-culinary","featureType":"KULINER","hasCoords":false}}
{"ts":"2026-06-27T17:16:36.870Z","level":"info","message":"Submission published","meta":{"id":"cmqwmgma800093x8z6ewle13r","title":"SMOKE-1782580589-culinary"}}
{"ts":"2026-06-27T17:16:38.478Z","level":"info","message":"New submission created","meta":{"id":"cmqwmgo6h000e3x8zcp1h6tq5","title":"SMOKE-1782580589-event","featureType":"EVENT","hasCoords":false}}
{"ts":"2026-06-27T17:16:39.336Z","level":"info","message":"Submission published","meta":{"id":"cmqwmgo6h000e3x8zcp1h6tq5","title":"SMOKE-1782580589-event"}}
{"ts":"2026-06-27T17:16:40.525Z","level":"info","message":"New submission created","meta":{"id":"cmqwmgq06000j3x8zpv2fda2u","title":"SMOKE-1782580589-culture","featureType":"CULTURE","hasCoords":false}}
{"ts":"2026-06-27T17:16:41.857Z","level":"info","message":"Submission published","meta":{"id":"cmqwmgq06000j3x8zpv2fda2u","title":"SMOKE-1782580589-culture"}}
{"ts":"2026-06-27T17:16:43.189Z","level":"info","message":"New submission created","meta":{"id":"cmqwmgs1u000o3x8zvd85pjj3","title":"SMOKE-1782580589-history","featureType":"HISTORY","hasCoords":false}}
{"ts":"2026-06-27T17:16:44.314Z","level":"info","message":"Submission published","meta":{"id":"cmqwmgs1u000o3x8zvd85pjj3","title":"SMOKE-1782580589-history"}}
{"ts":"2026-06-27T17:19:34.571Z","level":"info","message":"New submission created","meta":{"id":"sub-1","title":"Bukit Rhema","featureType":"WISATA","hasCoords":true}}
{"ts":"2026-06-27T17:19:34.637Z","level":"info","message":"New submission created","meta":{"id":"sub-2","title":"Kupat Tahu","featureType":"KULINER","hasCoords":true}}
{"ts":"2026-06-27T17:19:34.645Z","level":"info","message":"New submission created","meta":{"id":"sub-map","title":"Festival","featureType":"EVENT","hasCoords":false}}
{"ts":"2026-06-27T17:19:34.666Z","level":"info","message":"Submission published","meta":{"id":"sub-1"}}
{"ts":"2026-06-27T17:20:30.800Z","level":"info","message":"New submission created","meta":{"id":"sub-1","title":"Bukit Rhema","featureType":"WISATA","hasCoords":true}}
{"ts":"2026-06-27T17:20:30.863Z","level":"info","message":"New submission created","meta":{"id":"sub-2","title":"Kupat Tahu","featureType":"KULINER","hasCoords":true}}
{"ts":"2026-06-27T17:20:30.868Z","level":"info","message":"New submission created","meta":{"id":"sub-map","title":"Festival","featureType":"EVENT","hasCoords":true}}
{"ts":"2026-06-27T17:20:30.871Z","level":"info","message":"Submission published","meta":{"id":"sub-1"}}
{"ts":"2026-06-27T17:21:31.464Z","level":"info","message":"New submission created","meta":{"id":"cmqwmmybe0003o5dxqzo2olhk","title":"SMOKE-COORD-1782580889-tourism","featureType":"WISATA","hasCoords":true}}
{"ts":"2026-06-27T17:21:33.126Z","level":"info","message":"Submission published","meta":{"id":"cmqwmmybe0003o5dxqzo2olhk","title":"SMOKE-COORD-1782580889-tourism"}}
{"ts":"2026-06-27T17:21:35.747Z","level":"info","message":"New submission created","meta":{"id":"cmqwmn1se0007o5dx5xtp03za","title":"SMOKE-COORD-1782580889-culinary","featureType":"KULINER","hasCoords":true}}
{"ts":"2026-06-27T17:21:36.669Z","level":"info","message":"Submission published","meta":{"id":"cmqwmn1se0007o5dx5xtp03za","title":"SMOKE-COORD-1782580889-culinary"}}
{"ts":"2026-06-27T17:21:40.356Z","level":"info","message":"New submission created","meta":{"id":"cmqwmn53z000bo5dxmuiex5ji","title":"SMOKE-COORD-1782580889-event","featureType":"EVENT","hasCoords":true}}
{"ts":"2026-06-27T17:21:41.584Z","level":"info","message":"Submission published","meta":{"id":"cmqwmn53z000bo5dxmuiex5ji","title":"SMOKE-COORD-1782580889-event"}}
{"ts":"2026-06-27T17:21:43.325Z","level":"info","message":"New submission created","meta":{"id":"cmqwmn7nk000fo5dxdtm3hn6i","title":"SMOKE-COORD-1782580889-culture","featureType":"CULTURE","hasCoords":true}}
{"ts":"2026-06-27T17:21:44.246Z","level":"info","message":"Submission published","meta":{"id":"cmqwmn7nk000fo5dxdtm3hn6i","title":"SMOKE-COORD-1782580889-culture"}}
{"ts":"2026-06-27T17:21:46.192Z","level":"info","message":"New submission created","meta":{"id":"cmqwmn9th000jo5dxsb5919o4","title":"SMOKE-COORD-1782580889-history","featureType":"HISTORY","hasCoords":true}}
{"ts":"2026-06-27T17:21:47.114Z","level":"info","message":"Submission published","meta":{"id":"cmqwmn9th000jo5dxsb5919o4","title":"SMOKE-COORD-1782580889-history"}}
{"ts":"2026-06-27T17:25:11.540Z","level":"info","message":"New submission created","meta":{"id":"sub-1","title":"Bukit Rhema","featureType":"WISATA","hasCoords":true}}
{"ts":"2026-06-27T17:25:11.645Z","level":"info","message":"New submission created","meta":{"id":"sub-2","title":"Kupat Tahu","featureType":"KULINER","hasCoords":true}}
{"ts":"2026-06-27T17:25:11.655Z","level":"info","message":"New submission created","meta":{"id":"sub-map","title":"Festival","featureType":"EVENT","hasCoords":true}}
{"ts":"2026-06-27T17:25:11.663Z","level":"info","message":"Submission published","meta":{"id":"sub-1"}}
